Initializing document watcher...
Document watcher initialized
nico_menon_2/main_sh: {}
nico_menon_2/main_sh: {}
nico_menon_2/main_sh: {}
nico_menon_2/procesos.sh: {}
nico_menon_2/procesos.sh: {}
nico_menon_2/procesos.sh: {}
nico_menon_2/procesos.sh: Using EditorConfig core...
nico_menon_2/procesos.sh: {}
nico_menon_2/procesos.sh: {}
nico_menon_2/procesos.sh: {}
nico_menon_2/procesos.sh: Using EditorConfig core...
nico_menon_2/procesos.sh: {}
nico_menon_2/procesos.sh: Using EditorConfig core...
nico_menon_2/procesos.sh: Using EditorConfig core...
nico_menon_2/procesos.sh: Using EditorConfig core...
nico_menon_2/procesos.sh: Using EditorConfig core...
nico_menon_2/procesos.sh: Using EditorConfig core...
nico_menon_2/procesos.sh: {}
nico_menon_2/main_toolkit.sh: {}
nico_menon_2/main_sh: {}
nico_menon_2/main_sh: Using EditorConfig core...
nico_menon_2/main_toolkit.sh: {}
nico_menon_2/main_toolkit.sh: Using EditorConfig core...
nico_menon_2/procesos.sh: {}
nico_menon_2/main_sh: {}
nico_menon_2/procesos.sh: {}
nico_menon_2/main_toolkit.sh: {}
nico_menon_2/main_toolkit.sh: {}
nico_menon_2/main_toolkit.sh: {}
nico_menon_2/main_sh: {}
nico_menon_2/main_sh: {}
nico_menon_2/main_toolkit.sh: {}
nico_menon_2/main_toolkit.sh: {}
nico_menon_2/procesos.sh: {}
nico_menon_2/procesos.sh: {}
nico_menon_2/procesos.sh: {}
nico_menon_2/procesos.sh: {}
nico_menon_2/procesos.sh: {}
nico_menon_2/main_toolkit.sh: {}
nico_menon_2/procesos.sh: {}
nico_menon_2/procesos.sh: {}
nico_menon_2/procesos.sh: {}
nico_menon_2/procesos.sh: {}
nico_menon_2/procesos.sh: Using EditorConfig core...
nico_menon_2/main_toolkit.sh: {}
nico_menon_2/main_toolkit.sh: {}
nico_menon_2/main_toolkit.sh: Using EditorConfig core...
nico_menon_2/main_toolkit.sh: {}
nico_menon_2/main_toolkit.sh: Using EditorConfig core...
nico_menon_2/main_toolkit.sh: Using EditorConfig core...
nico_menon_2/main_toolkit.sh: Using EditorConfig core...
nico_menon_2/main_toolkit.sh: {}
nico_menon_2/procesos.sh: {}
nico_menon_2/procesos.sh: {}
nico_menon_2/procesos.sh: {}
nico_menon_2/procesos.sh: Using EditorConfig core...
nico_menon_2/procesos.sh: Using EditorConfig core...
nico_menon_2/procesos.sh: Using EditorConfig core...
nico_menon_2/procesos.sh: {}
nico_menon_2/procesos.sh: {}
nico_menon_2/procesos.sh: {}
nico_menon_2/procesos.sh: {}
nico_menon_2/procesos.sh: {}
nico_menon_2/procesos.sh: {}
nico_menon_2/procesos.sh: {}
nico_menon_2/procesos.sh: {}
nico_menon_2/main_toolkit.sh: {}
No more open editors.
nico_menon_2/disco.sh: {}
nico_menon_2/disco.sh: {}
nico_menon_2/memoria.sh: {}
nico_menon_2/memoria.sh: {}
nico_menon_2/main_toolkit.sh: {}
nico_menon_2/main_toolkit.sh: {}
nico_menon_2/memoria.sh: {}
nico_menon_2/procesos.sh: {}
nico_menon_2/disco.sh: {}
nico_menon_2/disco.sh: {}
nico_menon_2/disco.sh: {}
nico_menon_2/main_toolkit.sh: {}
nico_menon_2/memoria.sh: {}
nico_menon_2/main_toolkit.sh: {}
nico_menon_2/procesos.sh: {}
nico_menon_2/disco.sh: {}
nico_menon_2/main_toolkit.sh: {}
nico_menon_2/memoria.sh: {}
nico_menon_2/procesos.sh: {}
nico_menon_2/memoria.sh: {}
nico_menon_2/procesos.sh: {}
nico_menon_2/main_toolkit.sh: {}
nico_menon_2/procesos.sh: {}
nico_menon_2/main_toolkit.sh: {}
nico_menon_2/memoria.sh: {}
nico_menon_2/disco.sh: {}
nico_menon_2/memoria.sh: {}
nico_menon_2/main_toolkit.sh: {}
nico_menon_2/disco.sh: {}
nico_menon_2/disco.sh: Using EditorConfig core...
nico_menon_2/memoria.sh: {}
nico_menon_2/memoria.sh: Using EditorConfig core...
nico_menon_2/memoria.sh: Using EditorConfig core...
nico_menon_2/main_toolkit.sh: {}
nico_menon_2/main_toolkit.sh: Using EditorConfig core...
nico_menon_2/main_toolkit.sh: Using EditorConfig core...
nico_menon_2/disco.sh: {}
nico_menon_2/memoria.sh: {}
nico_menon_2/disco.sh: {}
nico_menon_2/disco.sh: Using EditorConfig core...
