2025-06-09 03:24:47.369 [info] [main] Log level: Info
2025-06-09 03:24:47.370 [info] [main] Validating found git in: "git"
2025-06-09 03:24:47.370 [info] [main] Using git "2.43.0" from "git"
2025-06-09 03:24:47.370 [info] [Model][doInitialScan] Initial repository scan started
2025-06-09 03:24:47.370 [info] > git rev-parse --show-toplevel [4ms]
2025-06-09 03:24:47.370 [info] fatal: not a git repository (or any parent up to mount point /)
Stopping at filesystem boundary (GIT_DISCOVERY_ACROSS_FILESYSTEM not set).
2025-06-09 03:24:47.370 [info] > git rev-parse --show-toplevel [1ms]
2025-06-09 03:24:47.370 [info] fatal: not a git repository (or any parent up to mount point /)
Stopping at filesystem boundary (GIT_DISCOVERY_ACROSS_FILESYSTEM not set).
2025-06-09 03:24:47.370 [info] > git rev-parse --show-toplevel [2ms]
2025-06-09 03:24:47.370 [info] fatal: not a git repository (or any parent up to mount point /)
Stopping at filesystem boundary (GIT_DISCOVERY_ACROSS_FILESYSTEM not set).
2025-06-09 03:24:47.370 [info] > git rev-parse --show-toplevel [1ms]
2025-06-09 03:24:47.370 [info] fatal: not a git repository (or any parent up to mount point /)
Stopping at filesystem boundary (GIT_DISCOVERY_ACROSS_FILESYSTEM not set).
2025-06-09 03:24:47.370 [info] > git rev-parse --show-toplevel [2ms]
2025-06-09 03:24:47.370 [info] fatal: not a git repository (or any parent up to mount point /)
Stopping at filesystem boundary (GIT_DISCOVERY_ACROSS_FILESYSTEM not set).
2025-06-09 03:24:47.370 [info] > git rev-parse --show-toplevel [1ms]
2025-06-09 03:24:47.370 [info] fatal: not a git repository (or any parent up to mount point /)
Stopping at filesystem boundary (GIT_DISCOVERY_ACROSS_FILESYSTEM not set).
2025-06-09 03:24:47.370 [info] > git rev-parse --show-toplevel [2ms]
2025-06-09 03:24:47.370 [info] fatal: not a git repository (or any parent up to mount point /)
Stopping at filesystem boundary (GIT_DISCOVERY_ACROSS_FILESYSTEM not set).
2025-06-09 03:24:47.370 [info] > git rev-parse --show-toplevel [1ms]
2025-06-09 03:24:47.370 [info] fatal: not a git repository (or any parent up to mount point /)
Stopping at filesystem boundary (GIT_DISCOVERY_ACROSS_FILESYSTEM not set).
2025-06-09 03:24:47.370 [info] [Model][doInitialScan] Initial repository scan completed - repositories (0), closed repositories (0), parent repositories (0), unsafe repositories (0)
2025-06-09 03:24:48.207 [info] > git rev-parse --show-toplevel [2ms]
2025-06-09 03:24:48.207 [info] fatal: not a git repository (or any parent up to mount point /)
Stopping at filesystem boundary (GIT_DISCOVERY_ACROSS_FILESYSTEM not set).
2025-06-09 03:26:34.613 [info] > git rev-parse --show-toplevel [2ms]
2025-06-09 03:26:34.623 [info] > git rev-parse --git-dir --git-common-dir [2ms]
2025-06-09 03:26:34.636 [info] [Model][openRepository] Opened repository: /home/nico_menon_2
2025-06-09 03:26:34.659 [info] [Git][getRemotes] No remotes found in the git config file
2025-06-09 03:26:34.661 [info] > git config --get commit.template [12ms]
2025-06-09 03:26:34.661 [info] > git for-each-ref --format=%(refname)%00%(upstream:short)%00%(objectname)%00%(upstream:track)%00%(upstream:remotename)%00%(upstream:remoteref) refs/heads/master refs/remotes/master [4ms]
2025-06-09 03:26:34.662 [warning] [Git][getBranch] No such branch: master
2025-06-09 03:26:34.686 [info] > git status -z -uall [17ms]
2025-06-09 03:26:34.688 [info] > git for-each-ref --sort -committerdate --format %(refname) %(objectname) %(*objectname) [7ms]
2025-06-09 03:26:34.715 [info] > git for-each-ref --format=%(refname)%00%(upstream:short)%00%(objectname)%00%(upstream:track)%00%(upstream:remotename)%00%(upstream:remoteref) refs/heads/master refs/remotes/master [13ms]
2025-06-09 03:26:34.715 [warning] [Git][getBranch] No such branch: master
2025-06-09 03:26:34.716 [error] [GitHistoryProvider][resolveHEADMergeBase] Failed to resolve merge base for master: Error: No such branch: master.
2025-06-09 03:26:34.718 [info] > git config --get commit.template [3ms]
2025-06-09 03:26:34.725 [info] [Git][getRemotes] No remotes found in the git config file
2025-06-09 03:26:34.727 [info] > git for-each-ref --format=%(refname)%00%(upstream:short)%00%(objectname)%00%(upstream:track)%00%(upstream:remotename)%00%(upstream:remoteref) refs/heads/master refs/remotes/master [2ms]
2025-06-09 03:26:34.727 [warning] [Git][getBranch] No such branch: master
2025-06-09 03:26:34.793 [info] > git status -z -uall [59ms]
2025-06-09 03:26:34.793 [info] > git for-each-ref --sort -committerdate --format %(refname) %(objectname) %(*objectname) [51ms]
2025-06-09 03:26:35.360 [info] > git check-ignore -v -z --stdin [3ms]
2025-06-09 03:26:36.449 [info] > git show --textconv :main_sh [14ms]
2025-06-09 03:26:36.452 [info] > git ls-files --stage -- /home/nico_menon_2/main_sh [7ms]
2025-06-09 03:27:08.077 [info] > git ls-files --stage -- /home/nico_menon_2/main_sh [2ms]
2025-06-09 03:27:08.251 [info] > git show --textconv :main_sh [2ms]
2025-06-09 03:27:12.870 [info] > git ls-files --stage -- /home/nico_menon_2/main_sh [3ms]
2025-06-09 03:27:13.045 [info] > git show --textconv :main_sh [3ms]
2025-06-09 03:27:20.523 [info] > git ls-files --stage -- /home/nico_menon_2/main_sh [12ms]
2025-06-09 03:27:20.524 [info] > git check-ignore -v -z --stdin [2ms]
2025-06-09 03:27:20.698 [info] > git show --textconv :main_sh [3ms]
2025-06-09 03:27:28.951 [info] > git show --textconv :procesos.sh [9ms]
2025-06-09 03:27:28.953 [info] > git ls-files --stage -- /home/nico_menon_2/procesos.sh [3ms]
2025-06-09 03:27:28.963 [info] > git cat-file -s d50529cc444d9687378258da7506906dcba2a7f8 [2ms]
2025-06-09 03:28:21.544 [info] > git config --get commit.template [3ms]
2025-06-09 03:28:21.554 [info] > git for-each-ref --format=%(refname)%00%(upstream:short)%00%(objectname)%00%(upstream:track)%00%(upstream:remotename)%00%(upstream:remoteref) refs/heads/master refs/remotes/master [2ms]
2025-06-09 03:28:21.573 [info] > git status -z -uall [10ms]
2025-06-09 03:28:21.576 [info] > git for-each-ref --sort -committerdate --format %(refname) %(objectname) %(*objectname) [3ms]
2025-06-09 03:28:26.602 [info] > git config --get commit.template [9ms]
2025-06-09 03:28:26.603 [info] > git for-each-ref --format=%(refname)%00%(upstream:short)%00%(objectname)%00%(upstream:track)%00%(upstream:remotename)%00%(upstream:remoteref) refs/heads/master refs/remotes/master [2ms]
2025-06-09 03:28:26.621 [info] > git status -z -uall [11ms]
2025-06-09 03:28:26.623 [info] > git for-each-ref --sort -committerdate --format %(refname) %(objectname) %(*objectname) [3ms]
2025-06-09 03:36:45.462 [info] > git config --get commit.template [13ms]
2025-06-09 03:36:45.463 [info] > git for-each-ref --format=%(refname)%00%(upstream:short)%00%(objectname)%00%(upstream:track)%00%(upstream:remotename)%00%(upstream:remoteref) refs/heads/master refs/remotes/master [3ms]
2025-06-09 03:36:45.481 [info] > git status -z -uall [10ms]
2025-06-09 03:36:45.483 [info] > git for-each-ref --sort -committerdate --format %(refname) %(objectname) %(*objectname) [3ms]
2025-06-09 03:36:50.503 [info] > git config --get commit.template [3ms]
2025-06-09 03:36:50.513 [info] > git for-each-ref --format=%(refname)%00%(upstream:short)%00%(objectname)%00%(upstream:track)%00%(upstream:remotename)%00%(upstream:remoteref) refs/heads/master refs/remotes/master [3ms]
2025-06-09 03:36:50.547 [info] > git status -z -uall [22ms]
2025-06-09 03:36:50.552 [info] > git for-each-ref --sort -committerdate --format %(refname) %(objectname) %(*objectname) [17ms]
2025-06-09 03:37:56.251 [info] > git config --get commit.template [3ms]
2025-06-09 03:37:56.263 [info] > git for-each-ref --format=%(refname)%00%(upstream:short)%00%(objectname)%00%(upstream:track)%00%(upstream:remotename)%00%(upstream:remoteref) refs/heads/master refs/remotes/master [3ms]
2025-06-09 03:37:56.286 [info] > git status -z -uall [13ms]
2025-06-09 03:37:56.288 [info] > git for-each-ref --sort -committerdate --format %(refname) %(objectname) %(*objectname) [3ms]
2025-06-09 03:38:01.308 [info] > git config --get commit.template [9ms]
2025-06-09 03:38:01.309 [info] > git for-each-ref --format=%(refname)%00%(upstream:short)%00%(objectname)%00%(upstream:track)%00%(upstream:remotename)%00%(upstream:remoteref) refs/heads/master refs/remotes/master [2ms]
2025-06-09 03:38:01.326 [info] > git status -z -uall [10ms]
2025-06-09 03:38:01.329 [info] > git for-each-ref --sort -committerdate --format %(refname) %(objectname) %(*objectname) [4ms]
2025-06-09 03:38:11.624 [info] > git config --get commit.template [9ms]
2025-06-09 03:38:11.626 [info] > git for-each-ref --format=%(refname)%00%(upstream:short)%00%(objectname)%00%(upstream:track)%00%(upstream:remotename)%00%(upstream:remoteref) refs/heads/master refs/remotes/master [3ms]
2025-06-09 03:38:11.645 [info] > git status -z -uall [12ms]
2025-06-09 03:38:11.646 [info] > git for-each-ref --sort -committerdate --format %(refname) %(objectname) %(*objectname) [4ms]
2025-06-09 03:38:49.160 [info] > git config --get commit.template [12ms]
2025-06-09 03:38:49.162 [info] > git for-each-ref --format=%(refname)%00%(upstream:short)%00%(objectname)%00%(upstream:track)%00%(upstream:remotename)%00%(upstream:remoteref) refs/heads/master refs/remotes/master [3ms]
2025-06-09 03:38:49.185 [info] > git status -z -uall [15ms]
2025-06-09 03:38:49.186 [info] > git for-each-ref --sort -committerdate --format %(refname) %(objectname) %(*objectname) [3ms]
2025-06-09 03:39:07.848 [info] > git show --textconv :main_toolkit.sh [11ms]
2025-06-09 03:39:07.851 [info] > git ls-files --stage -- /home/nico_menon_2/main_toolkit.sh [4ms]
2025-06-09 03:39:07.866 [info] > git cat-file -s 6248f110518e0048155ff8aefe06144c71d50ae9 [5ms]
2025-06-09 03:39:10.583 [info] > git show --textconv :main_sh [9ms]
2025-06-09 03:39:10.585 [info] > git ls-files --stage -- /home/nico_menon_2/main_sh [3ms]
2025-06-09 03:39:16.556 [info] > git show --textconv :main_toolkit.sh [9ms]
2025-06-09 03:39:16.558 [info] > git ls-files --stage -- /home/nico_menon_2/main_toolkit.sh [3ms]
2025-06-09 03:39:16.567 [info] > git cat-file -s 6248f110518e0048155ff8aefe06144c71d50ae9 [2ms]
2025-06-09 03:39:21.048 [info] > git show --textconv :procesos.sh [9ms]
2025-06-09 03:39:21.051 [info] > git ls-files --stage -- /home/nico_menon_2/procesos.sh [4ms]
2025-06-09 03:39:21.059 [info] > git cat-file -s d50529cc444d9687378258da7506906dcba2a7f8 [2ms]
2025-06-09 03:39:33.013 [info] > git show --textconv :main_sh [9ms]
2025-06-09 03:39:33.015 [info] > git ls-files --stage -- /home/nico_menon_2/main_sh [2ms]
2025-06-09 03:39:36.748 [info] > git show --textconv :procesos.sh [10ms]
2025-06-09 03:39:36.751 [info] > git ls-files --stage -- /home/nico_menon_2/procesos.sh [4ms]
2025-06-09 03:39:36.760 [info] > git cat-file -s d50529cc444d9687378258da7506906dcba2a7f8 [3ms]
2025-06-09 03:39:38.007 [info] > git show --textconv :main_toolkit.sh [9ms]
2025-06-09 03:39:38.009 [info] > git ls-files --stage -- /home/nico_menon_2/main_toolkit.sh [3ms]
2025-06-09 03:39:38.018 [info] > git cat-file -s 6248f110518e0048155ff8aefe06144c71d50ae9 [2ms]
2025-06-09 03:43:18.668 [info] > git config --get commit.template [12ms]
2025-06-09 03:43:18.669 [info] > git for-each-ref --format=%(refname)%00%(upstream:short)%00%(objectname)%00%(upstream:track)%00%(upstream:remotename)%00%(upstream:remoteref) refs/heads/master refs/remotes/master [3ms]
2025-06-09 03:43:18.686 [info] > git status -z -uall [10ms]
2025-06-09 03:43:18.688 [info] > git for-each-ref --sort -committerdate --format %(refname) %(objectname) %(*objectname) [4ms]
2025-06-09 03:43:23.703 [info] > git config --get commit.template [3ms]
2025-06-09 03:43:23.713 [info] > git for-each-ref --format=%(refname)%00%(upstream:short)%00%(objectname)%00%(upstream:track)%00%(upstream:remotename)%00%(upstream:remoteref) refs/heads/master refs/remotes/master [2ms]
2025-06-09 03:43:23.729 [info] > git status -z -uall [9ms]
2025-06-09 03:43:23.732 [info] > git for-each-ref --sort -committerdate --format %(refname) %(objectname) %(*objectname) [4ms]
2025-06-09 03:43:53.670 [info] > git show --textconv :main_sh [11ms]
2025-06-09 03:43:53.671 [info] > git ls-files --stage -- /home/nico_menon_2/main_sh [2ms]
2025-06-09 03:44:08.943 [info] > git show --textconv :main_toolkit.sh [9ms]
2025-06-09 03:44:08.945 [info] > git ls-files --stage -- /home/nico_menon_2/main_toolkit.sh [3ms]
2025-06-09 03:44:08.954 [info] > git cat-file -s 6248f110518e0048155ff8aefe06144c71d50ae9 [2ms]
2025-06-09 03:44:25.905 [info] > git config --get commit.template [3ms]
2025-06-09 03:44:25.915 [info] > git for-each-ref --format=%(refname)%00%(upstream:short)%00%(objectname)%00%(upstream:track)%00%(upstream:remotename)%00%(upstream:remoteref) refs/heads/master refs/remotes/master [2ms]
2025-06-09 03:44:25.933 [info] > git status -z -uall [11ms]
2025-06-09 03:44:25.935 [info] > git for-each-ref --sort -committerdate --format %(refname) %(objectname) %(*objectname) [3ms]
2025-06-09 03:44:27.608 [info] > git show --textconv :procesos.sh [16ms]
2025-06-09 03:44:27.612 [info] > git ls-files --stage -- /home/nico_menon_2/procesos.sh [5ms]
2025-06-09 03:44:27.630 [info] > git cat-file -s d50529cc444d9687378258da7506906dcba2a7f8 [3ms]
2025-06-09 03:44:30.956 [info] > git config --get commit.template [9ms]
2025-06-09 03:44:30.959 [info] > git for-each-ref --format=%(refname)%00%(upstream:short)%00%(objectname)%00%(upstream:track)%00%(upstream:remotename)%00%(upstream:remoteref) refs/heads/master refs/remotes/master [4ms]
2025-06-09 03:44:30.977 [info] > git status -z -uall [11ms]
2025-06-09 03:44:30.979 [info] > git for-each-ref --sort -committerdate --format %(refname) %(objectname) %(*objectname) [3ms]
2025-06-09 03:44:39.240 [info] > git config --get commit.template [10ms]
2025-06-09 03:44:39.242 [info] > git for-each-ref --format=%(refname)%00%(upstream:short)%00%(objectname)%00%(upstream:track)%00%(upstream:remotename)%00%(upstream:remoteref) refs/heads/master refs/remotes/master [3ms]
2025-06-09 03:44:39.260 [info] > git status -z -uall [11ms]
2025-06-09 03:44:39.262 [info] > git for-each-ref --sort -committerdate --format %(refname) %(objectname) %(*objectname) [3ms]
2025-06-09 03:44:46.161 [info] > git config --get commit.template [9ms]
2025-06-09 03:44:46.163 [info] > git for-each-ref --format=%(refname)%00%(upstream:short)%00%(objectname)%00%(upstream:track)%00%(upstream:remotename)%00%(upstream:remoteref) refs/heads/master refs/remotes/master [3ms]
2025-06-09 03:44:46.179 [info] > git status -z -uall [10ms]
2025-06-09 03:44:46.182 [info] > git for-each-ref --sort -committerdate --format %(refname) %(objectname) %(*objectname) [3ms]
2025-06-09 03:44:52.329 [info] > git config --get commit.template [10ms]
2025-06-09 03:44:52.330 [info] > git for-each-ref --format=%(refname)%00%(upstream:short)%00%(objectname)%00%(upstream:track)%00%(upstream:remotename)%00%(upstream:remoteref) refs/heads/master refs/remotes/master [2ms]
2025-06-09 03:44:52.348 [info] > git status -z -uall [10ms]
2025-06-09 03:44:52.350 [info] > git for-each-ref --sort -committerdate --format %(refname) %(objectname) %(*objectname) [4ms]
2025-06-09 03:45:00.158 [info] > git config --get commit.template [3ms]
2025-06-09 03:45:00.168 [info] > git for-each-ref --format=%(refname)%00%(upstream:short)%00%(objectname)%00%(upstream:track)%00%(upstream:remotename)%00%(upstream:remoteref) refs/heads/master refs/remotes/master [2ms]
2025-06-09 03:45:00.184 [info] > git status -z -uall [9ms]
2025-06-09 03:45:00.187 [info] > git for-each-ref --sort -committerdate --format %(refname) %(objectname) %(*objectname) [4ms]
2025-06-09 03:45:28.205 [info] > git config --get commit.template [10ms]
2025-06-09 03:45:28.207 [info] > git for-each-ref --format=%(refname)%00%(upstream:short)%00%(objectname)%00%(upstream:track)%00%(upstream:remotename)%00%(upstream:remoteref) refs/heads/master refs/remotes/master [3ms]
2025-06-09 03:45:28.224 [info] > git status -z -uall [10ms]
2025-06-09 03:45:28.227 [info] > git for-each-ref --sort -committerdate --format %(refname) %(objectname) %(*objectname) [3ms]
2025-06-09 03:45:30.646 [info] > git show --textconv :main_toolkit.sh [8ms]
2025-06-09 03:45:30.647 [info] > git ls-files --stage -- /home/nico_menon_2/main_toolkit.sh [2ms]
2025-06-09 03:45:30.658 [info] > git cat-file -s 6248f110518e0048155ff8aefe06144c71d50ae9 [3ms]
2025-06-09 03:45:33.245 [info] > git config --get commit.template [9ms]
2025-06-09 03:45:33.247 [info] > git for-each-ref --format=%(refname)%00%(upstream:short)%00%(objectname)%00%(upstream:track)%00%(upstream:remotename)%00%(upstream:remoteref) refs/heads/master refs/remotes/master [3ms]
2025-06-09 03:45:33.263 [info] > git status -z -uall [9ms]
2025-06-09 03:45:33.266 [info] > git for-each-ref --sort -committerdate --format %(refname) %(objectname) %(*objectname) [4ms]
2025-06-09 03:45:41.552 [info] > git show --textconv :procesos.sh [9ms]
2025-06-09 03:45:41.554 [info] > git ls-files --stage -- /home/nico_menon_2/procesos.sh [3ms]
2025-06-09 03:45:41.563 [info] > git cat-file -s d50529cc444d9687378258da7506906dcba2a7f8 [2ms]
2025-06-09 03:46:43.356 [info] > git config --get commit.template [2ms]
2025-06-09 03:46:43.366 [info] > git for-each-ref --format=%(refname)%00%(upstream:short)%00%(objectname)%00%(upstream:track)%00%(upstream:remotename)%00%(upstream:remoteref) refs/heads/master refs/remotes/master [3ms]
2025-06-09 03:46:43.385 [info] > git status -z -uall [11ms]
2025-06-09 03:46:43.387 [info] > git for-each-ref --sort -committerdate --format %(refname) %(objectname) %(*objectname) [4ms]
2025-06-09 03:46:48.407 [info] > git config --get commit.template [9ms]
2025-06-09 03:46:48.409 [info] > git for-each-ref --format=%(refname)%00%(upstream:short)%00%(objectname)%00%(upstream:track)%00%(upstream:remotename)%00%(upstream:remoteref) refs/heads/master refs/remotes/master [3ms]
2025-06-09 03:46:48.427 [info] > git status -z -uall [11ms]
2025-06-09 03:46:48.429 [info] > git for-each-ref --sort -committerdate --format %(refname) %(objectname) %(*objectname) [3ms]
2025-06-09 03:47:20.499 [info] > git config --get commit.template [9ms]
2025-06-09 03:47:20.501 [info] > git for-each-ref --format=%(refname)%00%(upstream:short)%00%(objectname)%00%(upstream:track)%00%(upstream:remotename)%00%(upstream:remoteref) refs/heads/master refs/remotes/master [3ms]
2025-06-09 03:47:20.519 [info] > git status -z -uall [11ms]
2025-06-09 03:47:20.521 [info] > git for-each-ref --sort -committerdate --format %(refname) %(objectname) %(*objectname) [3ms]
2025-06-09 03:47:25.539 [info] > git config --get commit.template [4ms]
2025-06-09 03:47:25.548 [info] > git for-each-ref --format=%(refname)%00%(upstream:short)%00%(objectname)%00%(upstream:track)%00%(upstream:remotename)%00%(upstream:remoteref) refs/heads/master refs/remotes/master [2ms]
2025-06-09 03:47:25.566 [info] > git status -z -uall [10ms]
2025-06-09 03:47:25.569 [info] > git for-each-ref --sort -committerdate --format %(refname) %(objectname) %(*objectname) [4ms]
2025-06-09 03:47:30.590 [info] > git config --get commit.template [10ms]
2025-06-09 03:47:30.592 [info] > git for-each-ref --format=%(refname)%00%(upstream:short)%00%(objectname)%00%(upstream:track)%00%(upstream:remotename)%00%(upstream:remoteref) refs/heads/master refs/remotes/master [3ms]
2025-06-09 03:47:30.610 [info] > git status -z -uall [11ms]
2025-06-09 03:47:30.613 [info] > git for-each-ref --sort -committerdate --format %(refname) %(objectname) %(*objectname) [5ms]
2025-06-09 03:47:35.634 [info] > git config --get commit.template [9ms]
2025-06-09 03:47:35.635 [info] > git for-each-ref --format=%(refname)%00%(upstream:short)%00%(objectname)%00%(upstream:track)%00%(upstream:remotename)%00%(upstream:remoteref) refs/heads/master refs/remotes/master [2ms]
2025-06-09 03:47:35.653 [info] > git status -z -uall [11ms]
2025-06-09 03:47:35.655 [info] > git for-each-ref --sort -committerdate --format %(refname) %(objectname) %(*objectname) [3ms]
2025-06-09 03:47:36.286 [info] > git show --textconv :main_toolkit.sh [9ms]
2025-06-09 03:47:36.288 [info] > git ls-files --stage -- /home/nico_menon_2/main_toolkit.sh [3ms]
2025-06-09 03:47:36.297 [info] > git cat-file -s 6248f110518e0048155ff8aefe06144c71d50ae9 [2ms]
2025-06-09 03:51:58.333 [info] > git config --get commit.template [5ms]
2025-06-09 03:51:58.344 [info] > git for-each-ref --format=%(refname)%00%(upstream:short)%00%(objectname)%00%(upstream:track)%00%(upstream:remotename)%00%(upstream:remoteref) refs/heads/master refs/remotes/master [2ms]
2025-06-09 03:51:58.363 [info] > git status -z -uall [11ms]
2025-06-09 03:51:58.365 [info] > git for-each-ref --sort -committerdate --format %(refname) %(objectname) %(*objectname) [4ms]
2025-06-09 03:52:03.420 [info] > git for-each-ref --format=%(refname)%00%(upstream:short)%00%(objectname)%00%(upstream:track)%00%(upstream:remotename)%00%(upstream:remoteref) refs/heads/master refs/remotes/master [0ms]
2025-06-09 03:52:03.420 [info] > git config --get commit.template [21ms]
2025-06-09 03:52:03.451 [info] > git status -z -uall [19ms]
2025-06-09 03:52:03.454 [info] > git for-each-ref --sort -committerdate --format %(refname) %(objectname) %(*objectname) [6ms]
2025-06-09 03:53:09.414 [info] > git config --get commit.template [10ms]
2025-06-09 03:53:09.414 [info] > git for-each-ref --format=%(refname)%00%(upstream:short)%00%(objectname)%00%(upstream:track)%00%(upstream:remotename)%00%(upstream:remoteref) refs/heads/master refs/remotes/master [3ms]
2025-06-09 03:53:09.431 [info] > git status -z -uall [10ms]
2025-06-09 03:53:09.433 [info] > git for-each-ref --sort -committerdate --format %(refname) %(objectname) %(*objectname) [4ms]
2025-06-09 03:53:09.944 [info] > git show --textconv :procesos.sh [12ms]
2025-06-09 03:53:09.945 [info] > git ls-files --stage -- /home/nico_menon_2/procesos.sh [2ms]
2025-06-09 03:53:09.954 [info] > git cat-file -s d50529cc444d9687378258da7506906dcba2a7f8 [3ms]
2025-06-09 03:53:14.453 [info] > git config --get commit.template [9ms]
2025-06-09 03:53:14.454 [info] > git for-each-ref --format=%(refname)%00%(upstream:short)%00%(objectname)%00%(upstream:track)%00%(upstream:remotename)%00%(upstream:remoteref) refs/heads/master refs/remotes/master [2ms]
2025-06-09 03:53:14.471 [info] > git status -z -uall [10ms]
2025-06-09 03:53:14.473 [info] > git for-each-ref --sort -committerdate --format %(refname) %(objectname) %(*objectname) [3ms]
2025-06-09 03:53:37.014 [info] > git config --get commit.template [8ms]
2025-06-09 03:53:37.016 [info] > git for-each-ref --format=%(refname)%00%(upstream:short)%00%(objectname)%00%(upstream:track)%00%(upstream:remotename)%00%(upstream:remoteref) refs/heads/master refs/remotes/master [3ms]
2025-06-09 03:53:37.036 [info] > git status -z -uall [12ms]
2025-06-09 03:53:37.037 [info] > git for-each-ref --sort -committerdate --format %(refname) %(objectname) %(*objectname) [5ms]
2025-06-09 03:54:37.055 [info] > git config --get commit.template [10ms]
2025-06-09 03:54:37.057 [info] > git for-each-ref --format=%(refname)%00%(upstream:short)%00%(objectname)%00%(upstream:track)%00%(upstream:remotename)%00%(upstream:remoteref) refs/heads/master refs/remotes/master [3ms]
2025-06-09 03:54:37.078 [info] > git status -z -uall [14ms]
2025-06-09 03:54:37.081 [info] > git for-each-ref --sort -committerdate --format %(refname) %(objectname) %(*objectname) [8ms]
2025-06-09 04:00:05.908 [info] > git config --get commit.template [9ms]
2025-06-09 04:00:05.909 [info] > git for-each-ref --format=%(refname)%00%(upstream:short)%00%(objectname)%00%(upstream:track)%00%(upstream:remotename)%00%(upstream:remoteref) refs/heads/master refs/remotes/master [3ms]
2025-06-09 04:00:05.926 [info] > git status -z -uall [9ms]
2025-06-09 04:00:05.928 [info] > git for-each-ref --sort -committerdate --format %(refname) %(objectname) %(*objectname) [3ms]
2025-06-09 04:00:10.949 [info] > git config --get commit.template [9ms]
2025-06-09 04:00:10.950 [info] > git for-each-ref --format=%(refname)%00%(upstream:short)%00%(objectname)%00%(upstream:track)%00%(upstream:remotename)%00%(upstream:remoteref) refs/heads/master refs/remotes/master [2ms]
2025-06-09 04:00:10.967 [info] > git status -z -uall [10ms]
2025-06-09 04:00:10.972 [info] > git for-each-ref --sort -committerdate --format %(refname) %(objectname) %(*objectname) [6ms]
2025-06-09 04:00:46.363 [info] > git config --get commit.template [3ms]
2025-06-09 04:00:46.372 [info] > git for-each-ref --format=%(refname)%00%(upstream:short)%00%(objectname)%00%(upstream:track)%00%(upstream:remotename)%00%(upstream:remoteref) refs/heads/master refs/remotes/master [2ms]
2025-06-09 04:00:46.389 [info] > git status -z -uall [10ms]
2025-06-09 04:00:46.391 [info] > git for-each-ref --sort -committerdate --format %(refname) %(objectname) %(*objectname) [3ms]
2025-06-09 04:00:51.409 [info] > git config --get commit.template [9ms]
2025-06-09 04:00:51.410 [info] > git for-each-ref --format=%(refname)%00%(upstream:short)%00%(objectname)%00%(upstream:track)%00%(upstream:remotename)%00%(upstream:remoteref) refs/heads/master refs/remotes/master [2ms]
2025-06-09 04:00:51.429 [info] > git status -z -uall [12ms]
2025-06-09 04:00:51.430 [info] > git for-each-ref --sort -committerdate --format %(refname) %(objectname) %(*objectname) [5ms]
2025-06-09 04:01:17.287 [info] > git config --get commit.template [2ms]
2025-06-09 04:01:17.296 [info] > git for-each-ref --format=%(refname)%00%(upstream:short)%00%(objectname)%00%(upstream:track)%00%(upstream:remotename)%00%(upstream:remoteref) refs/heads/master refs/remotes/master [2ms]
2025-06-09 04:01:17.313 [info] > git status -z -uall [11ms]
2025-06-09 04:01:17.317 [info] > git for-each-ref --sort -committerdate --format %(refname) %(objectname) %(*objectname) [6ms]
2025-06-09 04:02:02.710 [info] > git config --get commit.template [8ms]
2025-06-09 04:02:02.712 [info] > git for-each-ref --format=%(refname)%00%(upstream:short)%00%(objectname)%00%(upstream:track)%00%(upstream:remotename)%00%(upstream:remoteref) refs/heads/master refs/remotes/master [3ms]
2025-06-09 04:02:02.727 [info] > git status -z -uall [9ms]
2025-06-09 04:02:02.729 [info] > git for-each-ref --sort -committerdate --format %(refname) %(objectname) %(*objectname) [3ms]
2025-06-09 04:02:07.750 [info] > git config --get commit.template [9ms]
2025-06-09 04:02:07.752 [info] > git for-each-ref --format=%(refname)%00%(upstream:short)%00%(objectname)%00%(upstream:track)%00%(upstream:remotename)%00%(upstream:remoteref) refs/heads/master refs/remotes/master [3ms]
2025-06-09 04:02:07.770 [info] > git status -z -uall [12ms]
2025-06-09 04:02:07.771 [info] > git for-each-ref --sort -committerdate --format %(refname) %(objectname) %(*objectname) [4ms]
2025-06-09 04:02:18.404 [info] > git config --get commit.template [9ms]
2025-06-09 04:02:18.406 [info] > git for-each-ref --format=%(refname)%00%(upstream:short)%00%(objectname)%00%(upstream:track)%00%(upstream:remotename)%00%(upstream:remoteref) refs/heads/master refs/remotes/master [3ms]
2025-06-09 04:02:18.422 [info] > git status -z -uall [10ms]
2025-06-09 04:02:18.425 [info] > git for-each-ref --sort -committerdate --format %(refname) %(objectname) %(*objectname) [5ms]
2025-06-09 04:02:25.385 [info] > git config --get commit.template [10ms]
2025-06-09 04:02:25.385 [info] > git for-each-ref --format=%(refname)%00%(upstream:short)%00%(objectname)%00%(upstream:track)%00%(upstream:remotename)%00%(upstream:remoteref) refs/heads/master refs/remotes/master [3ms]
2025-06-09 04:02:25.402 [info] > git status -z -uall [9ms]
2025-06-09 04:02:25.405 [info] > git for-each-ref --sort -committerdate --format %(refname) %(objectname) %(*objectname) [3ms]
2025-06-09 04:03:12.690 [info] > git config --get commit.template [8ms]
2025-06-09 04:03:12.692 [info] > git for-each-ref --format=%(refname)%00%(upstream:short)%00%(objectname)%00%(upstream:track)%00%(upstream:remotename)%00%(upstream:remoteref) refs/heads/master refs/remotes/master [3ms]
2025-06-09 04:03:12.708 [info] > git status -z -uall [9ms]
2025-06-09 04:03:12.710 [info] > git for-each-ref --sort -committerdate --format %(refname) %(objectname) %(*objectname) [3ms]
2025-06-09 04:03:22.567 [info] > git config --get commit.template [9ms]
2025-06-09 04:03:22.568 [info] > git for-each-ref --format=%(refname)%00%(upstream:short)%00%(objectname)%00%(upstream:track)%00%(upstream:remotename)%00%(upstream:remoteref) refs/heads/master refs/remotes/master [2ms]
2025-06-09 04:03:22.586 [info] > git status -z -uall [11ms]
2025-06-09 04:03:22.587 [info] > git for-each-ref --sort -committerdate --format %(refname) %(objectname) %(*objectname) [4ms]
2025-06-09 04:03:27.330 [info] > git show --textconv :main_toolkit.sh [9ms]
2025-06-09 04:03:27.331 [info] > git ls-files --stage -- /home/nico_menon_2/main_toolkit.sh [2ms]
2025-06-09 04:03:27.340 [info] > git cat-file -s 6248f110518e0048155ff8aefe06144c71d50ae9 [2ms]
2025-06-09 04:03:33.276 [info] > git check-ignore -v -z --stdin [2ms]
2025-06-09 04:03:33.434 [info] > git show --textconv :disco.sh [9ms]
2025-06-09 04:03:33.437 [info] > git ls-files --stage -- /home/nico_menon_2/disco.sh [5ms]
2025-06-09 04:03:36.970 [info] > git check-ignore -v -z --stdin [3ms]
2025-06-09 04:03:37.219 [info] > git show --textconv :memoria.sh [8ms]
2025-06-09 04:03:37.221 [info] > git ls-files --stage -- /home/nico_menon_2/memoria.sh [2ms]
2025-06-09 04:03:53.459 [info] > git show --textconv :main_toolkit.sh [9ms]
2025-06-09 04:03:53.459 [info] > git ls-files --stage -- /home/nico_menon_2/main_toolkit.sh [2ms]
2025-06-09 04:03:53.468 [info] > git cat-file -s 6248f110518e0048155ff8aefe06144c71d50ae9 [2ms]
2025-06-09 04:04:41.132 [info] > git show --textconv :memoria.sh [11ms]
2025-06-09 04:04:41.133 [info] > git ls-files --stage -- /home/nico_menon_2/memoria.sh [4ms]
2025-06-09 04:04:47.596 [info] > git show --textconv :procesos.sh [21ms]
2025-06-09 04:04:47.599 [info] > git ls-files --stage -- /home/nico_menon_2/procesos.sh [7ms]
2025-06-09 04:04:47.616 [info] > git cat-file -s d50529cc444d9687378258da7506906dcba2a7f8 [4ms]
2025-06-09 04:04:50.905 [info] > git show --textconv :disco.sh [8ms]
2025-06-09 04:04:50.907 [info] > git ls-files --stage -- /home/nico_menon_2/disco.sh [3ms]
2025-06-09 04:05:45.780 [info] > git show --textconv :main_toolkit.sh [11ms]
2025-06-09 04:05:45.781 [info] > git ls-files --stage -- /home/nico_menon_2/main_toolkit.sh [4ms]
2025-06-09 04:05:45.790 [info] > git cat-file -s 6248f110518e0048155ff8aefe06144c71d50ae9 [3ms]
2025-06-09 04:05:52.634 [info] > git show --textconv :memoria.sh [8ms]
2025-06-09 04:05:52.636 [info] > git ls-files --stage -- /home/nico_menon_2/memoria.sh [3ms]
2025-06-09 04:05:55.673 [info] > git show --textconv :main_toolkit.sh [8ms]
2025-06-09 04:05:55.675 [info] > git ls-files --stage -- /home/nico_menon_2/main_toolkit.sh [3ms]
2025-06-09 04:05:55.685 [info] > git cat-file -s 6248f110518e0048155ff8aefe06144c71d50ae9 [3ms]
2025-06-09 04:06:00.475 [info] > git show --textconv :procesos.sh [9ms]
2025-06-09 04:06:00.477 [info] > git ls-files --stage -- /home/nico_menon_2/procesos.sh [3ms]
2025-06-09 04:06:00.486 [info] > git cat-file -s d50529cc444d9687378258da7506906dcba2a7f8 [2ms]
2025-06-09 04:06:01.381 [info] > git show --textconv :disco.sh [14ms]
2025-06-09 04:06:01.382 [info] > git ls-files --stage -- /home/nico_menon_2/disco.sh [4ms]
2025-06-09 04:06:09.951 [info] > git config --get commit.template [2ms]
2025-06-09 04:06:09.959 [info] > git for-each-ref --format=%(refname)%00%(upstream:short)%00%(objectname)%00%(upstream:track)%00%(upstream:remotename)%00%(upstream:remoteref) refs/heads/master refs/remotes/master [2ms]
2025-06-09 04:06:09.977 [info] > git status -z -uall [11ms]
2025-06-09 04:06:09.978 [info] > git for-each-ref --sort -committerdate --format %(refname) %(objectname) %(*objectname) [3ms]
2025-06-09 04:06:29.894 [info] > git show --textconv :main_toolkit.sh [9ms]
2025-06-09 04:06:29.895 [info] > git ls-files --stage -- /home/nico_menon_2/main_toolkit.sh [3ms]
2025-06-09 04:06:29.903 [info] > git cat-file -s 6248f110518e0048155ff8aefe06144c71d50ae9 [2ms]
2025-06-09 04:06:33.143 [info] > git show --textconv :memoria.sh [10ms]
2025-06-09 04:06:33.144 [info] > git ls-files --stage -- /home/nico_menon_2/memoria.sh [3ms]
2025-06-09 04:06:38.951 [info] > git show --textconv :procesos.sh [8ms]
2025-06-09 04:06:38.953 [info] > git ls-files --stage -- /home/nico_menon_2/procesos.sh [3ms]
2025-06-09 04:06:38.962 [info] > git cat-file -s d50529cc444d9687378258da7506906dcba2a7f8 [3ms]
2025-06-09 04:06:44.994 [info] > git config --get commit.template [8ms]
2025-06-09 04:06:44.996 [info] > git for-each-ref --format=%(refname)%00%(upstream:short)%00%(objectname)%00%(upstream:track)%00%(upstream:remotename)%00%(upstream:remoteref) refs/heads/master refs/remotes/master [3ms]
2025-06-09 04:06:45.011 [info] > git status -z -uall [8ms]
2025-06-09 04:06:45.014 [info] > git for-each-ref --sort -committerdate --format %(refname) %(objectname) %(*objectname) [4ms]
2025-06-09 04:07:21.953 [info] > git show --textconv :memoria.sh [8ms]
2025-06-09 04:07:21.955 [info] > git ls-files --stage -- /home/nico_menon_2/memoria.sh [3ms]
2025-06-09 04:07:24.989 [info] > git show --textconv :procesos.sh [9ms]
2025-06-09 04:07:24.991 [info] > git ls-files --stage -- /home/nico_menon_2/procesos.sh [3ms]
2025-06-09 04:07:25.001 [info] > git cat-file -s d50529cc444d9687378258da7506906dcba2a7f8 [2ms]
2025-06-09 04:07:26.980 [info] > git show --textconv :main_toolkit.sh [8ms]
2025-06-09 04:07:26.984 [info] > git ls-files --stage -- /home/nico_menon_2/main_toolkit.sh [3ms]
2025-06-09 04:07:26.992 [info] > git cat-file -s 6248f110518e0048155ff8aefe06144c71d50ae9 [2ms]
2025-06-09 04:07:33.572 [info] > git show --textconv :procesos.sh [11ms]
2025-06-09 04:07:33.573 [info] > git ls-files --stage -- /home/nico_menon_2/procesos.sh [4ms]
2025-06-09 04:07:33.581 [info] > git cat-file -s d50529cc444d9687378258da7506906dcba2a7f8 [2ms]
2025-06-09 04:07:37.492 [info] > git show --textconv :main_toolkit.sh [9ms]
2025-06-09 04:07:37.494 [info] > git ls-files --stage -- /home/nico_menon_2/main_toolkit.sh [3ms]
2025-06-09 04:07:37.503 [info] > git cat-file -s 6248f110518e0048155ff8aefe06144c71d50ae9 [2ms]
2025-06-09 04:07:47.872 [info] > git show --textconv :memoria.sh [10ms]
2025-06-09 04:07:47.873 [info] > git ls-files --stage -- /home/nico_menon_2/memoria.sh [4ms]
2025-06-09 04:07:54.996 [info] > git show --textconv :disco.sh [8ms]
2025-06-09 04:07:54.998 [info] > git ls-files --stage -- /home/nico_menon_2/disco.sh [2ms]
2025-06-09 04:08:06.086 [info] > git show --textconv :memoria.sh [8ms]
2025-06-09 04:08:06.088 [info] > git ls-files --stage -- /home/nico_menon_2/memoria.sh [3ms]
2025-06-09 04:08:17.512 [info] > git show --textconv :main_toolkit.sh [10ms]
2025-06-09 04:08:17.513 [info] > git ls-files --stage -- /home/nico_menon_2/main_toolkit.sh [4ms]
2025-06-09 04:08:17.522 [info] > git cat-file -s 6248f110518e0048155ff8aefe06144c71d50ae9 [2ms]
2025-06-09 04:08:19.541 [info] > git show --textconv :disco.sh [8ms]
2025-06-09 04:08:19.543 [info] > git ls-files --stage -- /home/nico_menon_2/disco.sh [3ms]
2025-06-09 04:08:34.840 [info] > git config --get commit.template [3ms]
2025-06-09 04:08:34.849 [info] > git for-each-ref --format=%(refname)%00%(upstream:short)%00%(objectname)%00%(upstream:track)%00%(upstream:remotename)%00%(upstream:remoteref) refs/heads/master refs/remotes/master [2ms]
2025-06-09 04:08:34.865 [info] > git status -z -uall [9ms]
2025-06-09 04:08:34.867 [info] > git for-each-ref --sort -committerdate --format %(refname) %(objectname) %(*objectname) [3ms]
2025-06-09 04:08:59.336 [info] > git show --textconv :memoria.sh [9ms]
2025-06-09 04:08:59.338 [info] > git ls-files --stage -- /home/nico_menon_2/memoria.sh [3ms]
2025-06-09 04:09:16.712 [info] > git show --textconv :main_toolkit.sh [21ms]
2025-06-09 04:09:16.714 [info] > git ls-files --stage -- /home/nico_menon_2/main_toolkit.sh [5ms]
2025-06-09 04:09:16.727 [info] > git cat-file -s 6248f110518e0048155ff8aefe06144c71d50ae9 [3ms]
2025-06-09 04:09:27.467 [info] > git show --textconv :disco.sh [9ms]
2025-06-09 04:09:27.469 [info] > git ls-files --stage -- /home/nico_menon_2/disco.sh [4ms]
2025-06-09 04:09:29.376 [info] > git show --textconv :memoria.sh [9ms]
2025-06-09 04:09:29.378 [info] > git ls-files --stage -- /home/nico_menon_2/memoria.sh [3ms]
2025-06-09 04:09:31.481 [info] > git show --textconv :disco.sh [11ms]
2025-06-09 04:09:31.482 [info] > git ls-files --stage -- /home/nico_menon_2/disco.sh [4ms]
2025-06-09 04:09:50.089 [info] > git config --get commit.template [9ms]
2025-06-09 04:09:50.091 [info] > git for-each-ref --format=%(refname)%00%(upstream:short)%00%(objectname)%00%(upstream:track)%00%(upstream:remotename)%00%(upstream:remoteref) refs/heads/master refs/remotes/master [3ms]
2025-06-09 04:09:50.107 [info] > git status -z -uall [10ms]
2025-06-09 04:09:50.109 [info] > git for-each-ref --sort -committerdate --format %(refname) %(objectname) %(*objectname) [3ms]
2025-06-09 04:09:58.308 [info] > git ls-files --stage -- /home/nico_menon_2/disco.sh [2ms]
2025-06-09 04:09:58.319 [info] > git cat-file -s b5881b577eb918fb5cec8e63003853ef1541d68c [4ms]
2025-06-09 04:09:58.501 [info] > git show --textconv :disco.sh [3ms]
2025-06-09 04:10:39.618 [info] > git ls-files --stage -- /home/nico_menon_2/disco.sh [2ms]
2025-06-09 04:10:39.627 [info] > git cat-file -s b5881b577eb918fb5cec8e63003853ef1541d68c [3ms]
2025-06-09 04:10:39.806 [info] > git show --textconv :disco.sh [2ms]
2025-06-09 04:11:36.752 [info] > git ls-files --stage -- /home/nico_menon_2/disco.sh [2ms]
2025-06-09 04:11:36.761 [info] > git cat-file -s b5881b577eb918fb5cec8e63003853ef1541d68c [2ms]
2025-06-09 04:11:36.942 [info] > git show --textconv :disco.sh [3ms]
